<?xml version="1.0" encoding="UTF-8"?>
<!-- Generated by org.testng.reporters.JUnitXMLReporter -->
<testsuite ignored="0" hostname="DESKTOP-3P8E78P" failures="1" tests="3" name="EcommerceApplicationTest" time="49.681" errors="0" timestamp="2025-03-01T15:53:28 IST">
  <testcase classname="quickmart.ecommerce.test.EcommerceApplication" name="testEcommerceProject" time="36.549"/>
  <testcase classname="quickmart.ecommerce.test.EcommerceApplication" name="testEcommerceProject" time="1.711">
    <failure type="java.lang.AssertionError" message="Product: Banarsi Saree is not available for Email id:ritesht@teleworm.us. Please Try adding new Product. Thank You!! expected object to not be null">
      <![CDATA[java.lang.AssertionError: Product: Banarsi Saree is not available for Email id:ritesht@teleworm.us. Please Try adding new Product. Thank You!! expected object to not be null
at quickmart.ecommerce.test.EcommerceApplication.testEcommerceProject(EcommerceApplication.java:38)
at java.base/java.util.ArrayList.forEach(ArrayList.java:1511)
... Removed 29 stack frames]]>
    </failure>
  </testcase> <!-- testEcommerceProject -->
  <testcase classname="quickmart.ecommerce.test.EcommerceApplication" name="OrderHistory" time="0.0">
    <skipped/>
  </testcase> <!-- OrderHistory -->
</testsuite> <!-- EcommerceApplicationTest -->
